# JRE version: OpenJDK Runtime Environment (8.0_152-b01) (build 1.8.0_152-release-915-b01)
# Java VM: OpenJDK 64-Bit Server VM (25.152-b01 mixed mode windows-amd64 compressed oops)
Heap:
 PSYoungGen      total 418816K, used 25486K [0x00000000e0000000, 0x00000000ff800000, 0x0000000100000000)
  eden space 323584K, 0% used [0x00000000e0000000,0x00000000e0000000,0x00000000f3c00000)
  from space 95232K, 26% used [0x00000000f9b00000,0x00000000fb3e3b88,0x00000000ff800000)
  to   space 96256K, 0% used [0x00000000f3c00000,0x00000000f3c00000,0x00000000f9a00000)
 ParOldGen       total 228864K, used 219379K [0x00000000a0000000, 0x00000000adf80000, 0x00000000e0000000)
  object space 228864K, 95% used [0x00000000a0000000,0x00000000ad63cc60,0x00000000adf80000)
 Metaspace       used 112592K, capacity 126240K, committed 126592K, reserved 1159168K
  class space    used 13810K, capacity 17421K, committed 17536K, reserved 1048576K
GC Heap History (10 events):
Event: 30281.973 GC heap after
Heap after GC invocations=114 (full 4):
 PSYoungGen      total 410624K, used 27921K [0x00000000e0000000, 0x00000000ff900000, 0x0000000100000000)
  eden space 304128K, 0% used [0x00000000e0000000,0x00000000e0000000,0x00000000f2900000)
  from space 106496K, 26% used [0x00000000f8f00000,0x00000000faa445c0,0x00000000ff700000)
  to   space 104448K, 0% used [0x00000000f2900000,0x00000000f2900000,0x00000000f8f00000)
 ParOldGen       total 228864K, used 193531K [0x00000000a0000000, 0x00000000adf80000, 0x00000000e0000000)
  object space 228864K, 84% used [0x00000000a0000000,0x00000000abcfed78,0x00000000adf80000)
 Metaspace       used 112552K, capacity 126218K, committed 126336K, reserved 1159168K
  class space    used 13808K, capacity 17418K, committed 17536K, reserved 1048576K
}
Event: 30282.423 GC heap before
{Heap before GC invocations=115 (full 4):
 PSYoungGen      total 410624K, used 332049K [0x00000000e0000000, 0x00000000ff900000, 0x0000000100000000)
  eden space 304128K, 100% used [0x00000000e0000000,0x00000000f2900000,0x00000000f2900000)
  from space 106496K, 26% used [0x00000000f8f00000,0x00000000faa445c0,0x00000000ff700000)
  to   space 104448K, 0% used [0x00000000f2900000,0x00000000f2900000,0x00000000f8f00000)
 ParOldGen       total 228864K, used 193531K [0x00000000a0000000, 0x00000000adf80000, 0x00000000e0000000)
  object space 228864K, 84% used [0x00000000a0000000,0x00000000abcfed78,0x00000000adf80000)
 Metaspace       used 112553K, capacity 126218K, committed 126336K, reserved 1159168K
  class space    used 13808K, capacity 17418K, committed 17536K, reserved 1048576K
Event: 30282.464 GC heap after
Heap after GC invocations=115 (full 4):
 PSYoungGen      total 408576K, used 25024K [0x00000000e0000000, 0x00000000ffa00000, 0x0000000100000000)
  eden space 304128K, 0% used [0x00000000e0000000,0x00000000e0000000,0x00000000f2900000)
  from space 104448K, 23% used [0x00000000f2900000,0x00000000f4170170,0x00000000f8f00000)
  to   space 102400K, 0% used [0x00000000f9600000,0x00000000f9600000,0x00000000ffa00000)
 ParOldGen       total 228864K, used 199875K [0x00000000a0000000, 0x00000000adf80000, 0x00000000e0000000)
  object space 228864K, 87% used [0x00000000a0000000,0x00000000ac330d88,0x00000000adf80000)
 Metaspace       used 112553K, capacity 126218K, committed 126336K, reserved 1159168K
  class space    used 13808K, capacity 17418K, committed 17536K, reserved 1048576K
}
Event: 30282.942 GC heap before
{Heap before GC invocations=116 (full 4):
 PSYoungGen      total 408576K, used 329152K [0x00000000e0000000, 0x00000000ffa00000, 0x0000000100000000)
  eden space 304128K, 100% used [0x00000000e0000000,0x00000000f2900000,0x00000000f2900000)
  from space 104448K, 23% used [0x00000000f2900000,0x00000000f4170170,0x00000000f8f00000)
  to   space 102400K, 0% used [0x00000000f9600000,0x00000000f9600000,0x00000000ffa00000)
 ParOldGen       total 228864K, used 199875K [0x00000000a0000000, 0x00000000adf80000, 0x00000000e0000000)
  object space 228864K, 87% used [0x00000000a0000000,0x00000000ac330d88,0x00000000adf80000)
 Metaspace       used 112553K, capacity 126218K, committed 126336K, reserved 1159168K
  class space    used 13808K, capacity 17418K, committed 17536K, reserved 1048576K
Event: 30282.992 GC heap after
Heap after GC invocations=116 (full 4):
 PSYoungGen      total 417280K, used 20471K [0x00000000e0000000, 0x00000000ffb00000, 0x0000000100000000)
  eden space 314880K, 0% used [0x00000000e0000000,0x00000000e0000000,0x00000000f3380000)
  from space 102400K, 19% used [0x00000000f9600000,0x00000000fa9fdfe8,0x00000000ffa00000)
  to   space 100864K, 0% used [0x00000000f3380000,0x00000000f3380000,0x00000000f9600000)
 ParOldGen       total 228864K, used 207875K [0x00000000a0000000, 0x00000000adf80000, 0x00000000e0000000)
  object space 228864K, 90% used [0x00000000a0000000,0x00000000acb00db8,0x00000000adf80000)
 Metaspace       used 112553K, capacity 126218K, committed 126336K, reserved 1159168K
  class space    used 13808K, capacity 17418K, committed 17536K, reserved 1048576K
}
Event: 30284.588 GC heap before
{Heap before GC invocations=117 (full 4):
 PSYoungGen      total 417280K, used 335351K [0x00000000e0000000, 0x00000000ffb00000, 0x0000000100000000)
  eden space 314880K, 100% used [0x00000000e0000000,0x00000000f3380000,0x00000000f3380000)
  from space 102400K, 19% used [0x00000000f9600000,0x00000000fa9fdfe8,0x00000000ffa00000)
  to   space 100864K, 0% used [0x00000000f3380000,0x00000000f3380000,0x00000000f9600000)
 ParOldGen       total 228864K, used 207875K [0x00000000a0000000, 0x00000000adf80000, 0x00000000e0000000)
  object space 228864K, 90% used [0x00000000a0000000,0x00000000acb00db8,0x00000000adf80000)
 Metaspace       used 112556K, capacity 126218K, committed 126336K, reserved 1159168K
  class space    used 13808K, capacity 17418K, committed 17536K, reserved 1048576K
Event: 30284.625 GC heap after
Heap after GC invocations=117 (full 4):
 PSYoungGen      total 415744K, used 12185K [0x00000000e0000000, 0x00000000ffc80000, 0x0000000100000000)
  eden space 314880K, 0% used [0x00000000e0000000,0x00000000e0000000,0x00000000f3380000)
  from space 100864K, 12% used [0x00000000f3380000,0x00000000f3f666b0,0x00000000f9600000)
  to   space 99840K, 0% used [0x00000000f9b00000,0x00000000f9b00000,0x00000000ffc80000)
 ParOldGen       total 228864K, used 213595K [0x00000000a0000000, 0x00000000adf80000, 0x00000000e0000000)
  object space 228864K, 93% used [0x00000000a0000000,0x00000000ad096db8,0x00000000adf80000)
 Metaspace       used 112556K, capacity 126218K, committed 126336K, reserved 1159168K
  class space    used 13808K, capacity 17418K, committed 17536K, reserved 1048576K
}
Event: 30289.365 GC heap before
{Heap before GC invocations=118 (full 4):
 PSYoungGen      total 415744K, used 327065K [0x00000000e0000000, 0x00000000ffc80000, 0x0000000100000000)
  eden space 314880K, 100% used [0x00000000e0000000,0x00000000f3380000,0x00000000f3380000)
  from space 100864K, 12% used [0x00000000f3380000,0x00000000f3f666b0,0x00000000f9600000)
  to   space 99840K, 0% used [0x00000000f9b00000,0x00000000f9b00000,0x00000000ffc80000)
 ParOldGen       total 228864K, used 213595K [0x00000000a0000000, 0x00000000adf80000, 0x00000000e0000000)
  object space 228864K, 93% used [0x00000000a0000000,0x00000000ad096db8,0x00000000adf80000)
 Metaspace       used 112592K, capacity 126240K, committed 126592K, reserved 1159168K
  class space    used 13810K, capacity 17421K, committed 17536K, reserved 1048576K
Event: 30289.396 GC heap after
Heap after GC invocations=118 (full 4):
 PSYoungGen      total 418816K, used 25486K [0x00000000e0000000, 0x00000000ff800000, 0x0000000100000000)
  eden space 323584K, 0% used [0x00000000e0000000,0x00000000e0000000,0x00000000f3c00000)
  from space 95232K, 26% used [0x00000000f9b00000,0x00000000fb3e3b88,0x00000000ff800000)
  to   space 96256K, 0% used [0x00000000f3c00000,0x00000000f3c00000,0x00000000f9a00000)
 ParOldGen       total 228864K, used 219379K [0x00000000a0000000, 0x00000000adf80000, 0x00000000e0000000)
  object space 228864K, 95% used [0x00000000a0000000,0x00000000ad63cc60,0x00000000adf80000)
 Metaspace       used 112592K, capacity 126240K, committed 126592K, reserved 1159168K
  class space    used 13810K, capacity 17421K, committed 17536K, reserved 1048576K
}
Event: 30289.396 GC heap before
{Heap before GC invocations=119 (full 5):
 PSYoungGen      total 418816K, used 25486K [0x00000000e0000000, 0x00000000ff800000, 0x0000000100000000)
  eden space 323584K, 0% used [0x00000000e0000000,0x00000000e0000000,0x00000000f3c00000)
  from space 95232K, 26% used [0x00000000f9b00000,0x00000000fb3e3b88,0x00000000ff800000)
  to   space 96256K, 0% used [0x00000000f3c00000,0x00000000f3c00000,0x00000000f9a00000)
 ParOldGen       total 228864K, used 219379K [0x00000000a0000000, 0x00000000adf80000, 0x00000000e0000000)
  object space 228864K, 95% used [0x00000000a0000000,0x00000000ad63cc60,0x00000000adf80000)
 Metaspace       used 112592K, capacity 126240K, committed 126592K, reserved 1159168K
  class space    used 13810K, capacity 17421K, committed 17536K, reserved 1048576K

